<?xml version="1.0" encoding="UTF-8"?>
<!-- Generated by org.testng.reporters.JUnitReportReporter -->
<testsuite hostname="Debalina" name="CustomerData.POMTest" tests="2" failures="0" timestamp="12 May 2019 20:27:25 GMT" time="27.952" errors="0">
  <testcase name="loginTest" time="19.365" classname="CustomerData.POMTest"/>
  <testcase name="loginWithoutPasswordTest" time="8.587" classname="CustomerData.POMTest"/>
</testsuite> <!-- CustomerData.POMTest -->
