<?xml version="1.0" encoding="UTF-8"?>
<!-- Generated by org.testng.reporters.JUnitReportReporter -->
<testsuite hostname="Debalina" name="CustomerData.customerTest" tests="1" failures="0" timestamp="12 May 2019 21:19:03 GMT" time="11.435" errors="0">
  <testcase name="createCustometTest" time="11.435" classname="CustomerData.customerTest"/>
</testsuite> <!-- CustomerData.customerTest -->
