<?xml version="1.0" encoding="UTF-8"?>
<!-- Generated by org.testng.reporters.JUnitReportReporter -->
<testsuite hostname="Debalina" name="CustomerData.POMTest" tests="2" failures="0" timestamp="12 May 2019 04:16:47 GMT" time="28.366" errors="0">
  <testcase name="loginTest" time="20.326" classname="CustomerData.POMTest"/>
  <testcase name="loginWithoutPasswordTest" time="8.040" classname="CustomerData.POMTest"/>
</testsuite> <!-- CustomerData.POMTest -->
